{"level":"http","message":"Method: GET en /mongo - Params: {}\n   -Queries : {} - Body : {} -\n    09:03:13"}
{"level":"warn","message":"vista de productos"}
{"level":"http","message":"Method: GET en /mongo - Params: {}\n   -Queries : {} - Body : {} -\n    09:03:15"}
{"level":"warn","message":"vista de productos"}
{"level":"http","message":"Method: GET en /realtimeproducts - Params: {}\n   -Queries : {} - Body : {} -\n    09:03:37"}
{"level":"http","message":"Method: GET en /realtimeproducts - Params: {}\n   -Queries : {} - Body : {} -\n    09:04:58"}
{"level":"http","message":"Method: GET en /mongo - Params: {}\n   -Queries : {} - Body : {} -\n    09:05:04"}
{"level":"warn","message":"vista de productos"}
{"level":"http","message":"Method: GET en /mongo - Params: {}\n   -Queries : {} - Body : {} -\n    09:05:05"}
{"level":"warn","message":"vista de productos"}
{"level":"http","message":"Method: GET en /mongo - Params: {}\n   -Queries : {} - Body : {} -\n    09:07:01"}
{"level":"warn","message":"vista de productos"}
{"level":"http","message":"Method: GET en /css/.css - Params: {}\n   -Queries : {} - Body : {} -\n    09:07:02"}
{"level":"http","message":"Method: GET en /js/products.js - Params: {}\n   -Queries : {} - Body : {} -\n    09:07:02"}
{"level":"http","message":"Method: GET en /www.google.com - Params: {}\n   -Queries : {} - Body : {} -\n    09:07:02"}
{"level":"http","message":"Method: GET en /favicon.ico - Params: {}\n   -Queries : {} - Body : {} -\n    09:07:02"}
{"level":"http","message":"Method: POST en /64e275a8cc983da84de0b408 - Params: {}\n   -Queries : {} - Body : {\"quantity\":\"1\"} -\n    09:07:09"}
{"level":"http","message":"Method: GET en /css/.css - Params: {}\n   -Queries : {} - Body : {} -\n    09:07:09"}
{"level":"http","message":"Method: GET en /favicon.ico - Params: {}\n   -Queries : {} - Body : {} -\n    09:07:09"}
{"level":"http","message":"Method: GET en /favicon.ico - Params: {}\n   -Queries : {} - Body : {} -\n    09:07:11"}
{"level":"http","message":"Method: GET en /login - Params: {}\n   -Queries : {} - Body : {} -\n    09:07:21"}
{"level":"http","message":"Method: GET en /css/.css - Params: {}\n   -Queries : {} - Body : {} -\n    09:07:21"}
{"level":"http","message":"Method: GET en /js/login.js - Params: {}\n   -Queries : {} - Body : {} -\n    09:07:21"}
{"level":"http","message":"Method: GET en /favicon.ico - Params: {}\n   -Queries : {} - Body : {} -\n    09:07:21"}
{"level":"http","message":"Method: GET en /login?email=martinybelen1980%40gmail.com&password=1234 - Params: {}\n   -Queries : {\"email\":\"martinybelen1980@gmail.com\",\"password\":\"1234\"} - Body : {} -\n    09:07:28"}
{"level":"http","message":"Method: GET en /css/.css - Params: {}\n   -Queries : {} - Body : {} -\n    09:07:28"}
{"level":"http","message":"Method: GET en /js/login.js - Params: {}\n   -Queries : {} - Body : {} -\n    09:07:28"}
{"level":"http","message":"Method: GET en /favicon.ico - Params: {}\n   -Queries : {} - Body : {} -\n    09:07:28"}
{"level":"http","message":"Method: GET en /login?email=martinybelen1980%40gmail.com&password=1234 - Params: {}\n   -Queries : {\"email\":\"martinybelen1980@gmail.com\",\"password\":\"1234\"} - Body : {} -\n    09:07:37"}
{"level":"http","message":"Method: GET en /css/.css - Params: {}\n   -Queries : {} - Body : {} -\n    09:07:37"}
{"level":"http","message":"Method: GET en /js/login.js - Params: {}\n   -Queries : {} - Body : {} -\n    09:07:37"}
{"level":"http","message":"Method: GET en /favicon.ico - Params: {}\n   -Queries : {} - Body : {} -\n    09:07:37"}
{"level":"http","message":"Method: GET en /login?email=martinybelen1980%40gmail.com&password=1234 - Params: {}\n   -Queries : {\"email\":\"martinybelen1980@gmail.com\",\"password\":\"1234\"} - Body : {} -\n    09:08:31"}
{"level":"http","message":"Method: GET en /css/.css - Params: {}\n   -Queries : {} - Body : {} -\n    09:08:31"}
{"level":"http","message":"Method: GET en /favicon.ico - Params: {}\n   -Queries : {} - Body : {} -\n    09:08:32"}
{"level":"http","message":"Method: GET en /realtimeproducts - Params: {}\n   -Queries : {} - Body : {} -\n    09:08:46"}
{"level":"http","message":"Method: GET en /favicon.ico - Params: {}\n   -Queries : {} - Body : {} -\n    09:08:46"}
{"level":"http","message":"Method: GET en /mongo - Params: {}\n   -Queries : {} - Body : {} -\n    09:08:51"}
{"level":"warn","message":"vista de productos"}
{"level":"http","message":"Method: GET en /css/.css - Params: {}\n   -Queries : {} - Body : {} -\n    09:08:52"}
{"level":"http","message":"Method: GET en /www.google.com - Params: {}\n   -Queries : {} - Body : {} -\n    09:08:52"}
{"level":"http","message":"Method: GET en /favicon.ico - Params: {}\n   -Queries : {} - Body : {} -\n    09:08:53"}
{"level":"http","message":"Method: GET en /login - Params: {}\n   -Queries : {} - Body : {} -\n    09:08:54"}
{"level":"http","message":"Method: GET en /css/.css - Params: {}\n   -Queries : {} - Body : {} -\n    09:08:54"}
{"level":"http","message":"Method: GET en /favicon.ico - Params: {}\n   -Queries : {} - Body : {} -\n    09:08:54"}
{"level":"http","message":"Method: POST en /auth/login - Params: {}\n   -Queries : {} - Body : {\"email\":\"martinybelen1980@gmail.com\",\"password\":\"1234\"} -\n    09:09:01"}
{"level":"http","message":"Method: GET en /mongo - Params: {}\n   -Queries : {} - Body : {} -\n    09:09:02"}
{"level":"warn","message":"vista de productos"}
{"level":"http","message":"Method: GET en /css/.css - Params: {}\n   -Queries : {} - Body : {} -\n    09:09:03"}
{"level":"http","message":"Method: GET en /www.google.com - Params: {}\n   -Queries : {} - Body : {} -\n    09:09:03"}
{"level":"http","message":"Method: GET en /favicon.ico - Params: {}\n   -Queries : {} - Body : {} -\n    09:09:04"}
{"level":"http","message":"Method: GET en /apis - Params: {}\n   -Queries : {} - Body : {} -\n    09:09:14"}
{"level":"http","message":"Method: GET en /css/.css - Params: {}\n   -Queries : {} - Body : {} -\n    09:09:14"}
{"level":"http","message":"Method: GET en /favicon.ico - Params: {}\n   -Queries : {} - Body : {} -\n    09:09:15"}
{"level":"http","message":"Method: GET en /documentation - Params: {}\n   -Queries : {} - Body : {} -\n    09:09:43"}
{"level":"http","message":"Method: GET en /documentation/ - Params: {}\n   -Queries : {} - Body : {} -\n    09:09:44"}
{"level":"http","message":"Method: GET en /documentation/swagger-ui.css - Params: {}\n   -Queries : {} - Body : {} -\n    09:09:45"}
{"level":"http","message":"Method: GET en /documentation/swagger-ui-bundle.js - Params: {}\n   -Queries : {} - Body : {} -\n    09:09:45"}
{"level":"http","message":"Method: GET en /documentation/swagger-ui-standalone-preset.js - Params: {}\n   -Queries : {} - Body : {} -\n    09:09:45"}
{"level":"http","message":"Method: GET en /documentation/swagger-ui-init.js - Params: {}\n   -Queries : {} - Body : {} -\n    09:09:45"}
{"level":"http","message":"Method: GET en /documentation/favicon-32x32.png - Params: {}\n   -Queries : {} - Body : {} -\n    09:09:49"}
{"level":"http","message":"Method: GET en /mongo - Params: {}\n   -Queries : {} - Body : {} -\n    09:10:33"}
{"level":"warn","message":"vista de productos"}
{"level":"http","message":"Method: GET en /css/.css - Params: {}\n   -Queries : {} - Body : {} -\n    09:10:34"}
{"level":"http","message":"Method: GET en /www.google.com - Params: {}\n   -Queries : {} - Body : {} -\n    09:10:34"}
{"level":"http","message":"Method: GET en /favicon.ico - Params: {}\n   -Queries : {} - Body : {} -\n    09:10:35"}
{"level":"http","message":"Method: POST en /cartsMongo/6569159d674be95b63e2b16c/products/64e275a8cc983da84de0b408 - Params: {}\n   -Queries : {} - Body : {\"quantity\":\"1\"} -\n    09:10:38"}
{"level":"http","message":"Method: GET en /cartsMongo/6569159d674be95b63e2b16c - Params: {}\n   -Queries : {} - Body : {} -\n    09:10:43"}
{"level":"http","message":"Method: GET en /css/.css - Params: {}\n   -Queries : {} - Body : {} -\n    09:10:44"}
{"level":"http","message":"Method: GET en /favicon.ico - Params: {}\n   -Queries : {} - Body : {} -\n    09:10:44"}
{"level":"http","message":"Method: POST en /cartsMongo/6569159d674be95b63e2b16c/products/64e275a8cc983da84de0b408 - Params: {}\n   -Queries : {} - Body : {\"quantity\":\"1\"} -\n    09:10:49"}
{"level":"http","message":"Method: GET en /cartsMongo/6569159d674be95b63e2b16c - Params: {}\n   -Queries : {} - Body : {} -\n    09:10:54"}
{"level":"http","message":"Method: GET en /css/.css - Params: {}\n   -Queries : {} - Body : {} -\n    09:10:55"}
{"level":"http","message":"Method: GET en /favicon.ico - Params: {}\n   -Queries : {} - Body : {} -\n    09:10:56"}
{"level":"http","message":"Method: DELETE en /cartsMongo/6569159d674be95b63e2b16c/products/64e3e66c7255effd2a430f36 - Params: {}\n   -Queries : {} - Body : {} -\n    09:10:59"}
{"level":"http","message":"Method: GET en /cartsMongo/6569159d674be95b63e2b16c - Params: {}\n   -Queries : {} - Body : {} -\n    09:11:04"}
{"level":"http","message":"Method: GET en /css/.css - Params: {}\n   -Queries : {} - Body : {} -\n    09:11:05"}
{"level":"http","message":"Method: GET en /favicon.ico - Params: {}\n   -Queries : {} - Body : {} -\n    09:11:05"}
{"level":"http","message":"Method: GET en /mongo - Params: {}\n   -Queries : {} - Body : {} -\n    09:11:09"}
{"level":"warn","message":"vista de productos"}
{"level":"http","message":"Method: GET en /css/.css - Params: {}\n   -Queries : {} - Body : {} -\n    09:11:10"}
{"level":"http","message":"Method: GET en /www.google.com - Params: {}\n   -Queries : {} - Body : {} -\n    09:11:10"}
{"level":"http","message":"Method: GET en /favicon.ico - Params: {}\n   -Queries : {} - Body : {} -\n    09:11:10"}
{"level":"http","message":"Method: POST en /cartsMongo/6569159d674be95b63e2b16c/products/64e275a8cc983da84de0b408 - Params: {}\n   -Queries : {} - Body : {\"quantity\":\"5\"} -\n    09:11:16"}
{"level":"http","message":"Method: GET en /cartsMongo/6569159d674be95b63e2b16c - Params: {}\n   -Queries : {} - Body : {} -\n    09:11:22"}
{"level":"http","message":"Method: GET en /css/.css - Params: {}\n   -Queries : {} - Body : {} -\n    09:11:23"}
{"level":"http","message":"Method: GET en /favicon.ico - Params: {}\n   -Queries : {} - Body : {} -\n    09:11:24"}
{"level":"http","message":"Method: GET en /realtimeproducts - Params: {}\n   -Queries : {} - Body : {} -\n    09:24:54"}
{"level":"http","message":"Method: GET en /favicon.ico - Params: {}\n   -Queries : {} - Body : {} -\n    09:24:54"}
{"level":"http","message":"Method: GET en /mongo - Params: {}\n   -Queries : {} - Body : {} -\n    09:24:59"}
{"level":"warn","message":"vista de productos"}
{"level":"http","message":"Method: GET en /css/.css - Params: {}\n   -Queries : {} - Body : {} -\n    09:25:00"}
{"level":"http","message":"Method: GET en /www.google.com - Params: {}\n   -Queries : {} - Body : {} -\n    09:25:00"}
{"level":"http","message":"Method: GET en /favicon.ico - Params: {}\n   -Queries : {} - Body : {} -\n    09:25:01"}
{"level":"http","message":"Method: GET en /mongo - Params: {}\n   -Queries : {} - Body : {} -\n    09:40:10"}
{"level":"warn","message":"vista de productos"}
{"level":"http","message":"Method: GET en /css/.css - Params: {}\n   -Queries : {} - Body : {} -\n    09:40:11"}
{"level":"http","message":"Method: GET en /www.google.com - Params: {}\n   -Queries : {} - Body : {} -\n    09:40:11"}
{"level":"http","message":"Method: GET en /favicon.ico - Params: {}\n   -Queries : {} - Body : {} -\n    09:40:12"}
{"level":"http","message":"Method: GET en /api/sessions/current - Params: {}\n   -Queries : {} - Body : {} -\n    09:40:13"}
{"level":"http","message":"Method: GET en /css/.css - Params: {}\n   -Queries : {} - Body : {} -\n    09:40:14"}
{"level":"http","message":"Method: GET en /favicon.ico - Params: {}\n   -Queries : {} - Body : {} -\n    09:40:14"}
{"level":"http","message":"Method: GET en /mongo - Params: {}\n   -Queries : {} - Body : {} -\n    09:40:16"}
{"level":"warn","message":"vista de productos"}
{"level":"http","message":"Method: GET en /css/.css - Params: {}\n   -Queries : {} - Body : {} -\n    09:40:17"}
{"level":"http","message":"Method: GET en /www.google.com - Params: {}\n   -Queries : {} - Body : {} -\n    09:40:17"}
{"level":"http","message":"Method: GET en /favicon.ico - Params: {}\n   -Queries : {} - Body : {} -\n    09:40:17"}
{"level":"http","message":"Method: GET en /auth/githubcallback?code=aa65ca92bbe3d0318bf0 - Params: {}\n   -Queries : {\"code\":\"aa65ca92bbe3d0318bf0\"} - Body : {} -\n    10:13:12"}
{"level":"http","message":"Method: GET en /api/user/premium/123 - Params: {}\n   -Queries : {} - Body : {} -\n    10:35:21"}
{"level":"http","message":"Method: GET en /css/.css - Params: {}\n   -Queries : {} - Body : {} -\n    10:35:21"}
{"level":"http","message":"Method: GET en /favicon.ico - Params: {}\n   -Queries : {} - Body : {} -\n    10:35:22"}
{"level":"http","message":"Method: GET en /api/user/premium - Params: {}\n   -Queries : {} - Body : {} -\n    10:36:59"}
{"level":"http","message":"Method: GET en /css/.css - Params: {}\n   -Queries : {} - Body : {} -\n    10:36:59"}
{"level":"http","message":"Method: GET en /favicon.ico - Params: {}\n   -Queries : {} - Body : {} -\n    10:37:00"}
{"level":"http","message":"Method: GET en /api/user/premium - Params: {}\n   -Queries : {} - Body : {} -\n    10:37:02"}
{"level":"http","message":"Method: GET en /css/.css - Params: {}\n   -Queries : {} - Body : {} -\n    10:37:02"}
{"level":"http","message":"Method: GET en /favicon.ico - Params: {}\n   -Queries : {} - Body : {} -\n    10:37:03"}
{"level":"http","message":"Method: GET en /api/users/premium - Params: {}\n   -Queries : {} - Body : {} -\n    10:37:31"}
{"level":"http","message":"Method: GET en /css/.css - Params: {}\n   -Queries : {} - Body : {} -\n    10:37:31"}
{"level":"http","message":"Method: GET en /favicon.ico - Params: {}\n   -Queries : {} - Body : {} -\n    10:37:32"}
{"level":"http","message":"Method: GET en /api/users/premium - Params: {}\n   -Queries : {} - Body : {} -\n    10:41:30"}
{"level":"http","message":"Method: GET en /css/.css - Params: {}\n   -Queries : {} - Body : {} -\n    10:41:31"}
{"level":"http","message":"Method: GET en /favicon.ico - Params: {}\n   -Queries : {} - Body : {} -\n    10:41:31"}
{"level":"http","message":"Method: GET en /api/users/premium/ - Params: {}\n   -Queries : {} - Body : {} -\n    10:41:36"}
{"level":"http","message":"Method: GET en /css/.css - Params: {}\n   -Queries : {} - Body : {} -\n    10:41:37"}
{"level":"http","message":"Method: GET en /favicon.ico - Params: {}\n   -Queries : {} - Body : {} -\n    10:41:37"}
{"level":"http","message":"Method: GET en /api/users/premium/ - Params: {}\n   -Queries : {} - Body : {} -\n    10:41:57"}
{"level":"http","message":"Method: GET en /css/.css - Params: {}\n   -Queries : {} - Body : {} -\n    10:41:57"}
{"level":"http","message":"Method: GET en /favicon.ico - Params: {}\n   -Queries : {} - Body : {} -\n    10:41:58"}
{"level":"http","message":"Method: GET en /api/users/premium/ - Params: {}\n   -Queries : {} - Body : {} -\n    10:42:00"}
{"level":"http","message":"Method: GET en /css/.css - Params: {}\n   -Queries : {} - Body : {} -\n    10:42:01"}
{"level":"http","message":"Method: GET en /favicon.ico - Params: {}\n   -Queries : {} - Body : {} -\n    10:42:01"}
{"level":"http","message":"Method: GET en /api/users/premium/ - Params: {}\n   -Queries : {} - Body : {} -\n    10:42:14"}
{"level":"http","message":"Method: GET en /css/.css - Params: {}\n   -Queries : {} - Body : {} -\n    10:42:15"}
{"level":"http","message":"Method: GET en /favicon.ico - Params: {}\n   -Queries : {} - Body : {} -\n    10:42:15"}
{"level":"http","message":"Method: GET en /api/users/premium/ - Params: {}\n   -Queries : {} - Body : {} -\n    10:43:26"}
{"level":"http","message":"Method: GET en /css/.css - Params: {}\n   -Queries : {} - Body : {} -\n    10:43:26"}
{"level":"http","message":"Method: GET en /favicon.ico - Params: {}\n   -Queries : {} - Body : {} -\n    10:43:27"}
{"level":"http","message":"Method: GET en /api/users/premium/ - Params: {}\n   -Queries : {} - Body : {} -\n    10:43:29"}
{"level":"http","message":"Method: GET en /css/.css - Params: {}\n   -Queries : {} - Body : {} -\n    10:43:29"}
{"level":"http","message":"Method: GET en /favicon.ico - Params: {}\n   -Queries : {} - Body : {} -\n    10:43:30"}
{"level":"http","message":"Method: GET en /api/users/premium/ - Params: {}\n   -Queries : {} - Body : {} -\n    10:43:55"}
{"level":"http","message":"Method: GET en /css/.css - Params: {}\n   -Queries : {} - Body : {} -\n    10:43:55"}
{"level":"http","message":"Method: GET en /favicon.ico - Params: {}\n   -Queries : {} - Body : {} -\n    10:43:56"}
{"level":"http","message":"Method: GET en /mongo - Params: {}\n   -Queries : {} - Body : {} -\n    10:43:58"}
{"level":"warn","message":"vista de productos"}
{"level":"http","message":"Method: GET en /css/.css - Params: {}\n   -Queries : {} - Body : {} -\n    10:43:59"}
{"level":"http","message":"Method: GET en /www.google.com - Params: {}\n   -Queries : {} - Body : {} -\n    10:44:00"}
{"level":"http","message":"Method: GET en /favicon.ico - Params: {}\n   -Queries : {} - Body : {} -\n    10:44:01"}
{"level":"http","message":"Method: GET en /logout - Params: {}\n   -Queries : {} - Body : {} -\n    10:44:03"}
{"level":"http","message":"Method: GET en /mongo - Params: {}\n   -Queries : {} - Body : {} -\n    10:44:04"}
{"level":"warn","message":"vista de productos"}
{"level":"http","message":"Method: GET en /css/.css - Params: {}\n   -Queries : {} - Body : {} -\n    10:44:04"}
{"level":"http","message":"Method: GET en /www.google.com - Params: {}\n   -Queries : {} - Body : {} -\n    10:44:04"}
{"level":"http","message":"Method: GET en /favicon.ico - Params: {}\n   -Queries : {} - Body : {} -\n    10:44:05"}
{"level":"http","message":"Method: GET en /api/users/premium - Params: {}\n   -Queries : {} - Body : {} -\n    10:44:20"}
{"level":"http","message":"Method: GET en /css/.css - Params: {}\n   -Queries : {} - Body : {} -\n    10:44:20"}
{"level":"http","message":"Method: GET en /favicon.ico - Params: {}\n   -Queries : {} - Body : {} -\n    10:44:20"}
{"level":"http","message":"Method: GET en /api/users/premium - Params: {}\n   -Queries : {} - Body : {} -\n    10:48:19"}
{"level":"http","message":"Method: GET en /css/.css - Params: {}\n   -Queries : {} - Body : {} -\n    10:48:19"}
{"level":"http","message":"Method: GET en /favicon.ico - Params: {}\n   -Queries : {} - Body : {} -\n    10:48:19"}
{"level":"http","message":"Method: GET en /api/users/premium - Params: {}\n   -Queries : {} - Body : {} -\n    10:50:18"}
{"level":"http","message":"Method: GET en /favicon.ico - Params: {}\n   -Queries : {} - Body : {} -\n    10:50:18"}
{"level":"http","message":"Method: GET en /realtimeproducts - Params: {}\n   -Queries : {} - Body : {} -\n    10:54:42"}
{"level":"http","message":"Method: GET en /favicon.ico - Params: {}\n   -Queries : {} - Body : {} -\n    10:54:42"}
{"level":"http","message":"Method: GET en /mongo - Params: {}\n   -Queries : {} - Body : {} -\n    10:54:48"}
{"level":"warn","message":"vista de productos"}
{"level":"http","message":"Method: GET en /css/.css - Params: {}\n   -Queries : {} - Body : {} -\n    10:54:49"}
{"level":"http","message":"Method: GET en /www.google.com - Params: {}\n   -Queries : {} - Body : {} -\n    10:54:49"}
{"level":"http","message":"Method: GET en /favicon.ico - Params: {}\n   -Queries : {} - Body : {} -\n    10:54:50"}
{"level":"http","message":"Method: GET en /register - Params: {}\n   -Queries : {} - Body : {} -\n    10:54:54"}
{"level":"http","message":"Method: GET en /css/.css - Params: {}\n   -Queries : {} - Body : {} -\n    10:54:54"}
{"level":"http","message":"Method: GET en /favicon.ico - Params: {}\n   -Queries : {} - Body : {} -\n    10:54:54"}
{"level":"http","message":"Method: POST en /auth/register - Params: {}\n   -Queries : {} - Body : {\"first_name\":\"Carlos\",\"last_name\":\"Rugnia\",\"age\":\"42\",\"email\":\"martinybelen19@gmail.com\",\"password\":\"1234\",\"role\":\"admin\"} -\n    10:55:08"}
{"level":"http","message":"Method: GET en /login - Params: {}\n   -Queries : {} - Body : {} -\n    10:55:10"}
{"level":"http","message":"Method: GET en /css/.css - Params: {}\n   -Queries : {} - Body : {} -\n    10:55:11"}
{"level":"http","message":"Method: GET en /favicon.ico - Params: {}\n   -Queries : {} - Body : {} -\n    10:55:11"}
{"level":"http","message":"Method: GET en /login - Params: {}\n   -Queries : {} - Body : {} -\n    11:09:00"}
{"level":"http","message":"Method: GET en /css/.css - Params: {}\n   -Queries : {} - Body : {} -\n    11:09:01"}
{"level":"http","message":"Method: GET en /favicon.ico - Params: {}\n   -Queries : {} - Body : {} -\n    11:09:01"}
{"level":"http","message":"Method: POST en /auth/login - Params: {}\n   -Queries : {} - Body : {\"email\":\"martinybelen1980@gmail.com\",\"password\":\"1234\"} -\n    11:09:12"}
{"level":"http","message":"Method: GET en /mongo - Params: {}\n   -Queries : {} - Body : {} -\n    11:09:14"}
{"level":"warn","message":"vista de productos"}
{"level":"http","message":"Method: GET en /css/.css - Params: {}\n   -Queries : {} - Body : {} -\n    11:09:15"}
{"level":"http","message":"Method: GET en /www.google.com - Params: {}\n   -Queries : {} - Body : {} -\n    11:09:15"}
{"level":"http","message":"Method: GET en /favicon.ico - Params: {}\n   -Queries : {} - Body : {} -\n    11:09:16"}
{"level":"http","message":"Method: GET en /logout - Params: {}\n   -Queries : {} - Body : {} -\n    11:14:05"}
{"level":"http","message":"Method: GET en /mongo - Params: {}\n   -Queries : {} - Body : {} -\n    11:14:06"}
{"level":"warn","message":"vista de productos"}
{"level":"http","message":"Method: GET en /css/.css - Params: {}\n   -Queries : {} - Body : {} -\n    11:14:06"}
{"level":"http","message":"Method: GET en /www.google.com - Params: {}\n   -Queries : {} - Body : {} -\n    11:14:06"}
{"level":"http","message":"Method: GET en /favicon.ico - Params: {}\n   -Queries : {} - Body : {} -\n    11:14:07"}
{"level":"http","message":"Method: GET en /login - Params: {}\n   -Queries : {} - Body : {} -\n    11:15:06"}
{"level":"http","message":"Method: GET en /css/.css - Params: {}\n   -Queries : {} - Body : {} -\n    11:15:06"}
{"level":"http","message":"Method: GET en /favicon.ico - Params: {}\n   -Queries : {} - Body : {} -\n    11:15:07"}
{"level":"http","message":"Method: POST en /auth/login - Params: {}\n   -Queries : {} - Body : {\"email\":\"martinybelen1980@gmail.com\",\"password\":\"1234\"} -\n    11:15:13"}
{"level":"http","message":"Method: GET en /mongo - Params: {}\n   -Queries : {} - Body : {} -\n    11:15:15"}
{"level":"warn","message":"vista de productos"}
{"level":"http","message":"Method: GET en /css/.css - Params: {}\n   -Queries : {} - Body : {} -\n    11:15:16"}
{"level":"http","message":"Method: GET en /www.google.com - Params: {}\n   -Queries : {} - Body : {} -\n    11:15:16"}
{"level":"http","message":"Method: GET en /favicon.ico - Params: {}\n   -Queries : {} - Body : {} -\n    11:15:16"}
{"level":"http","message":"Method: GET en /logout - Params: {}\n   -Queries : {} - Body : {} -\n    11:15:43"}
{"level":"http","message":"Method: GET en /mongo - Params: {}\n   -Queries : {} - Body : {} -\n    11:15:44"}
{"level":"warn","message":"vista de productos"}
{"level":"http","message":"Method: GET en /css/.css - Params: {}\n   -Queries : {} - Body : {} -\n    11:15:44"}
{"level":"http","message":"Method: GET en /www.google.com - Params: {}\n   -Queries : {} - Body : {} -\n    11:15:44"}
{"level":"http","message":"Method: GET en /favicon.ico - Params: {}\n   -Queries : {} - Body : {} -\n    11:15:44"}
{"level":"http","message":"Method: GET en /mongo - Params: {}\n   -Queries : {} - Body : {} -\n    11:21:38"}
{"level":"warn","message":"vista de productos"}
{"level":"http","message":"Method: GET en /css/.css - Params: {}\n   -Queries : {} - Body : {} -\n    11:21:38"}
{"level":"http","message":"Method: GET en /www.google.com - Params: {}\n   -Queries : {} - Body : {} -\n    11:21:38"}
{"level":"http","message":"Method: GET en /favicon.ico - Params: {}\n   -Queries : {} - Body : {} -\n    11:21:39"}
{"level":"http","message":"Method: GET en /api/users/premium - Params: {}\n   -Queries : {} - Body : {} -\n    11:21:53"}
{"level":"http","message":"Method: GET en /css/.css - Params: {}\n   -Queries : {} - Body : {} -\n    11:21:54"}
{"level":"http","message":"Method: GET en /favicon.ico - Params: {}\n   -Queries : {} - Body : {} -\n    11:21:54"}
{"level":"http","message":"Method: GET en /api/users/premium/123 - Params: {}\n   -Queries : {} - Body : {} -\n    11:21:57"}
{"level":"http","message":"Method: GET en /favicon.ico - Params: {}\n   -Queries : {} - Body : {} -\n    11:21:57"}
{"level":"http","message":"Method: GET en /api/users/123/documents - Params: {}\n   -Queries : {} - Body : {} -\n    11:22:26"}
{"level":"http","message":"Method: GET en /css/.css - Params: {}\n   -Queries : {} - Body : {} -\n    11:22:26"}
{"level":"http","message":"Method: GET en /favicon.ico - Params: {}\n   -Queries : {} - Body : {} -\n    11:22:26"}
{"level":"http","message":"Method: GET en /api/users/123/documents - Params: {}\n   -Queries : {} - Body : {} -\n    11:23:47"}
{"level":"http","message":"Method: GET en /css/.css - Params: {}\n   -Queries : {} - Body : {} -\n    11:23:47"}
{"level":"http","message":"Method: GET en /favicon.ico - Params: {}\n   -Queries : {} - Body : {} -\n    11:23:47"}
{"level":"http","message":"Method: GET en /realtimeproducts - Params: {}\n   -Queries : {} - Body : {} -\n    14:53:30"}
{"level":"http","message":"Method: GET en /favicon.ico - Params: {}\n   -Queries : {} - Body : {} -\n    14:53:30"}
{"level":"http","message":"Method: GET en /mongo - Params: {}\n   -Queries : {} - Body : {} -\n    14:53:34"}
{"level":"warn","message":"vista de productos"}
{"level":"http","message":"Method: GET en /css/.css - Params: {}\n   -Queries : {} - Body : {} -\n    14:53:35"}
{"level":"http","message":"Method: GET en /www.google.com - Params: {}\n   -Queries : {} - Body : {} -\n    14:53:35"}
{"level":"http","message":"Method: GET en /favicon.ico - Params: {}\n   -Queries : {} - Body : {} -\n    14:53:36"}
{"level":"http","message":"Method: GET en /login - Params: {}\n   -Queries : {} - Body : {} -\n    14:53:40"}
{"level":"http","message":"Method: GET en /css/.css - Params: {}\n   -Queries : {} - Body : {} -\n    14:53:40"}
{"level":"http","message":"Method: GET en /favicon.ico - Params: {}\n   -Queries : {} - Body : {} -\n    14:53:40"}
{"level":"http","message":"Method: POST en /auth/login - Params: {}\n   -Queries : {} - Body : {\"email\":\"martinybelen1980@gmail.com\",\"password\":\"1234\"} -\n    14:53:51"}
{"level":"http","message":"Method: GET en /mongo - Params: {}\n   -Queries : {} - Body : {} -\n    14:53:53"}
{"level":"warn","message":"vista de productos"}
{"level":"http","message":"Method: GET en /css/.css - Params: {}\n   -Queries : {} - Body : {} -\n    14:53:55"}
{"level":"http","message":"Method: GET en /www.google.com - Params: {}\n   -Queries : {} - Body : {} -\n    14:53:55"}
{"level":"http","message":"Method: GET en /favicon.ico - Params: {}\n   -Queries : {} - Body : {} -\n    14:53:56"}
{"level":"http","message":"Method: GET en /api/sessions/current - Params: {}\n   -Queries : {} - Body : {} -\n    14:54:01"}
{"level":"http","message":"Method: GET en /css/.css - Params: {}\n   -Queries : {} - Body : {} -\n    14:54:03"}
{"level":"http","message":"Method: GET en /favicon.ico - Params: {}\n   -Queries : {} - Body : {} -\n    14:54:03"}
{"level":"http","message":"Method: GET en /favicon.ico - Params: {}\n   -Queries : {} - Body : {} -\n    14:54:10"}
{"level":"http","message":"Method: GET en /api/users/premium - Params: {}\n   -Queries : {} - Body : {} -\n    15:08:59"}
{"level":"http","message":"Method: GET en /css/.css - Params: {}\n   -Queries : {} - Body : {} -\n    15:09:00"}
{"level":"http","message":"Method: GET en /favicon.ico - Params: {}\n   -Queries : {} - Body : {} -\n    15:09:01"}
{"level":"http","message":"Method: GET en /api/users/premium/123 - Params: {}\n   -Queries : {} - Body : {} -\n    15:09:09"}
{"level":"http","message":"Method: GET en /favicon.ico - Params: {}\n   -Queries : {} - Body : {} -\n    15:09:10"}
{"level":"http","message":"Method: GET en /api/users/122/documentes - Params: {}\n   -Queries : {} - Body : {} -\n    15:09:30"}
{"level":"http","message":"Method: GET en /css/.css - Params: {}\n   -Queries : {} - Body : {} -\n    15:09:31"}
{"level":"http","message":"Method: GET en /favicon.ico - Params: {}\n   -Queries : {} - Body : {} -\n    15:09:33"}
{"level":"http","message":"Method: GET en /api/users/122/documents - Params: {}\n   -Queries : {} - Body : {} -\n    15:09:35"}
{"level":"http","message":"Method: GET en /css/.css - Params: {}\n   -Queries : {} - Body : {} -\n    15:09:35"}
{"level":"http","message":"Method: GET en /favicon.ico - Params: {}\n   -Queries : {} - Body : {} -\n    15:09:36"}
{"level":"http","message":"Method: GET en /mongo - Params: {}\n   -Queries : {} - Body : {} -\n    20:44:20"}
{"level":"warn","message":"vista de productos"}
{"level":"http","message":"Method: GET en /css/.css - Params: {}\n   -Queries : {} - Body : {} -\n    20:44:21"}
{"level":"http","message":"Method: GET en /www.google.com - Params: {}\n   -Queries : {} - Body : {} -\n    20:44:21"}
{"level":"http","message":"Method: GET en /favicon.ico - Params: {}\n   -Queries : {} - Body : {} -\n    20:44:22"}
{"level":"http","message":"Method: GET en /login - Params: {}\n   -Queries : {} - Body : {} -\n    20:44:31"}
{"level":"http","message":"Method: GET en /css/.css - Params: {}\n   -Queries : {} - Body : {} -\n    20:44:32"}
{"level":"http","message":"Method: GET en /favicon.ico - Params: {}\n   -Queries : {} - Body : {} -\n    20:44:32"}
{"level":"http","message":"Method: POST en /auth/login - Params: {}\n   -Queries : {} - Body : {\"email\":\"martinybelen1980@gmail.com\",\"password\":\"12340\"} -\n    20:44:43"}
{"level":"http","message":"Method: GET en /faillogin - Params: {}\n   -Queries : {} - Body : {} -\n    20:44:43"}
{"level":"http","message":"Method: POST en /auth/login - Params: {}\n   -Queries : {} - Body : {\"email\":\"martinybelen1980@gmail.com\",\"password\":\"1234\"} -\n    20:44:51"}
{"level":"http","message":"Method: GET en /mongo - Params: {}\n   -Queries : {} - Body : {} -\n    20:44:52"}
{"level":"warn","message":"vista de productos"}
{"level":"http","message":"Method: GET en /css/.css - Params: {}\n   -Queries : {} - Body : {} -\n    20:44:54"}
{"level":"http","message":"Method: GET en /www.google.com - Params: {}\n   -Queries : {} - Body : {} -\n    20:44:54"}
{"level":"http","message":"Method: GET en /favicon.ico - Params: {}\n   -Queries : {} - Body : {} -\n    20:44:56"}
{"level":"http","message":"Method: GET en /api/sessions/current - Params: {}\n   -Queries : {} - Body : {} -\n    20:44:59"}
{"level":"http","message":"Method: GET en /css/.css - Params: {}\n   -Queries : {} - Body : {} -\n    20:45:00"}
{"level":"http","message":"Method: GET en /favicon.ico - Params: {}\n   -Queries : {} - Body : {} -\n    20:45:00"}
{"level":"http","message":"Method: POST en /upload - Params: {}\n   -Queries : {} - Body : {} -\n    20:57:44"}
{"level":"http","message":"Method: POST en /upload - Params: {}\n   -Queries : {} - Body : {} -\n    21:01:32"}
{"level":"http","message":"Method: POST en /upload - Params: {}\n   -Queries : {} - Body : {} -\n    21:03:12"}
{"level":"http","message":"Method: POST en /upload - Params: {}\n   -Queries : {} - Body : {} -\n    21:03:35"}
{"level":"http","message":"Method: POST en /upload - Params: {}\n   -Queries : {} - Body : {} -\n    21:08:35"}
{"level":"http","message":"Method: POST en /upload - Params: {}\n   -Queries : {} - Body : {} -\n    21:08:38"}
{"level":"http","message":"Method: POST en /upload - Params: {}\n   -Queries : {} - Body : {} -\n    21:08:40"}
{"level":"http","message":"Method: POST en /upload - Params: {}\n   -Queries : {} - Body : {} -\n    21:08:59"}
{"level":"http","message":"Method: POST en /upload - Params: {}\n   -Queries : {} - Body : {} -\n    21:09:47"}
{"level":"http","message":"Method: POST en /upload - Params: {}\n   -Queries : {} - Body : {} -\n    21:12:50"}
{"level":"http","message":"Method: POST en /api/users/documents - Params: {}\n   -Queries : {} - Body : {} -\n    21:20:13"}
{"level":"http","message":"Method: POST en /api/users/documents - Params: {}\n   -Queries : {} - Body : {} -\n    21:21:25"}
{"level":"http","message":"Method: POST en /api/users/documents - Params: {}\n   -Queries : {} - Body : {} -\n    21:23:01"}
{"level":"http","message":"Method: POST en /api/users/documents - Params: {}\n   -Queries : {} - Body : {} -\n    21:23:50"}
{"level":"http","message":"Method: GET en /mongo - Params: {}\n   -Queries : {} - Body : {} -\n    21:25:16"}
{"level":"warn","message":"vista de productos"}
{"level":"http","message":"Method: GET en /css/.css - Params: {}\n   -Queries : {} - Body : {} -\n    21:25:17"}
{"level":"http","message":"Method: GET en /www.google.com - Params: {}\n   -Queries : {} - Body : {} -\n    21:25:17"}
{"level":"http","message":"Method: GET en /favicon.ico - Params: {}\n   -Queries : {} - Body : {} -\n    21:25:20"}
{"level":"http","message":"Method: GET en /cartsMongo/6569159d674be95b63e2b16c - Params: {}\n   -Queries : {} - Body : {} -\n    21:25:23"}
{"level":"http","message":"Method: GET en /css/.css - Params: {}\n   -Queries : {} - Body : {} -\n    21:25:24"}
{"level":"http","message":"Method: GET en /favicon.ico - Params: {}\n   -Queries : {} - Body : {} -\n    21:25:25"}
{"level":"http","message":"Method: DELETE en /cartsMongo/6569159d674be95b63e2b16c/products/64e275a8cc983da84de0b408 - Params: {}\n   -Queries : {} - Body : {} -\n    21:25:27"}
{"level":"http","message":"Method: DELETE en /cartsMongo/6569159d674be95b63e2b16c/products/64e3e59b15707e39f9cad137 - Params: {}\n   -Queries : {} - Body : {} -\n    21:25:32"}
{"level":"http","message":"Method: DELETE en /cartsMongo/6569159d674be95b63e2b16c/products/64e3f57af33665ff316be05a - Params: {}\n   -Queries : {} - Body : {} -\n    21:25:35"}
{"level":"http","message":"Method: GET en /cartsMongo/6569159d674be95b63e2b16c - Params: {}\n   -Queries : {} - Body : {} -\n    21:25:39"}
{"level":"http","message":"Method: GET en /css/.css - Params: {}\n   -Queries : {} - Body : {} -\n    21:25:41"}
{"level":"http","message":"Method: GET en /favicon.ico - Params: {}\n   -Queries : {} - Body : {} -\n    21:25:41"}
{"level":"http","message":"Method: POST en /api/users/documents - Params: {}\n   -Queries : {} - Body : {} -\n    21:41:58"}
{"level":"http","message":"Method: POST en /api/users/documents - Params: {}\n   -Queries : {} - Body : {} -\n    21:42:03"}
{"level":"http","message":"Method: POST en /api/users/documents - Params: {}\n   -Queries : {} - Body : {} -\n    21:43:44"}
{"level":"http","message":"Method: POST en /api/users/documents - Params: {}\n   -Queries : {} - Body : {} -\n    21:44:33"}
{"level":"http","message":"Method: POST en /api/users/documents - Params: {}\n   -Queries : {} - Body : {} -\n    21:47:28"}
{"level":"http","message":"Method: POST en /api/users/documents - Params: {}\n   -Queries : {} - Body : {} -\n    21:48:05"}
{"level":"http","message":"Method: POST en /api/users/documents - Params: {}\n   -Queries : {} - Body : {} -\n    21:50:47"}
{"level":"http","message":"Method: POST en /api/users/documents - Params: {}\n   -Queries : {} - Body : {} -\n    21:53:52"}
{"level":"http","message":"Method: POST en /api/users/documents - Params: {}\n   -Queries : {} - Body : {} -\n    21:56:28"}
{"level":"http","message":"Method: POST en /api/users/documents - Params: {}\n   -Queries : {} - Body : {} -\n    21:57:14"}
{"level":"http","message":"Method: POST en /api/users/documents - Params: {}\n   -Queries : {} - Body : {} -\n    21:57:53"}
{"level":"http","message":"Method: POST en /api/users/documents - Params: {}\n   -Queries : {} - Body : {} -\n    21:59:24"}
{"level":"http","message":"Method: POST en /api/users/documents - Params: {}\n   -Queries : {} - Body : {} -\n    22:06:37"}
{"level":"http","message":"Method: POST en /api/users/documents - Params: {}\n   -Queries : {} - Body : {} -\n    22:07:32"}
{"level":"http","message":"Method: GET en /cartsMongo/6569159d674be95b63e2b16c - Params: {}\n   -Queries : {} - Body : {} -\n    22:30:38"}
{"level":"http","message":"Method: GET en /mongo - Params: {}\n   -Queries : {} - Body : {} -\n    22:30:39"}
{"level":"http","message":"Method: GET en /mongo - Params: {}\n   -Queries : {} - Body : {} -\n    22:30:42"}
{"level":"warn","message":"vista de productos"}
{"level":"warn","message":"vista de productos"}
{"level":"http","message":"Method: GET en /css/.css - Params: {}\n   -Queries : {} - Body : {} -\n    22:30:44"}
{"level":"http","message":"Method: GET en /www.google.com - Params: {}\n   -Queries : {} - Body : {} -\n    22:30:44"}
{"level":"http","message":"Method: GET en /favicon.ico - Params: {}\n   -Queries : {} - Body : {} -\n    22:30:44"}
{"level":"http","message":"Method: GET en /login - Params: {}\n   -Queries : {} - Body : {} -\n    22:30:46"}
{"level":"http","message":"Method: GET en /css/.css - Params: {}\n   -Queries : {} - Body : {} -\n    22:30:47"}
{"level":"http","message":"Method: GET en /favicon.ico - Params: {}\n   -Queries : {} - Body : {} -\n    22:30:47"}
{"level":"http","message":"Method: POST en /auth/login - Params: {}\n   -Queries : {} - Body : {\"email\":\"martinybelen1980@gmail.com\",\"password\":\"1234\"} -\n    22:30:52"}
{"level":"http","message":"Method: GET en /mongo - Params: {}\n   -Queries : {} - Body : {} -\n    22:30:53"}
{"level":"warn","message":"vista de productos"}
{"level":"http","message":"Method: GET en /css/.css - Params: {}\n   -Queries : {} - Body : {} -\n    22:30:54"}
{"level":"http","message":"Method: GET en /www.google.com - Params: {}\n   -Queries : {} - Body : {} -\n    22:30:54"}
{"level":"http","message":"Method: GET en /favicon.ico - Params: {}\n   -Queries : {} - Body : {} -\n    22:30:56"}
{"level":"http","message":"Method: GET en /mongo - Params: {}\n   -Queries : {} - Body : {} -\n    22:32:04"}
{"level":"warn","message":"vista de productos"}
{"level":"http","message":"Method: GET en /css/.css - Params: {}\n   -Queries : {} - Body : {} -\n    22:32:06"}
{"level":"http","message":"Method: GET en /www.google.com - Params: {}\n   -Queries : {} - Body : {} -\n    22:32:06"}
{"level":"http","message":"Method: GET en /favicon.ico - Params: {}\n   -Queries : {} - Body : {} -\n    22:32:07"}
{"level":"http","message":"Method: POST en /api/users/documents - Params: {}\n   -Queries : {} - Body : {} -\n    18:11:26"}
{"level":"http","message":"Method: POST en /api/users/documents - Params: {}\n   -Queries : {} - Body : {} -\n    18:11:50"}
{"level":"http","message":"Method: POST en /api/users/656915a0674be95b63e2b16e/documents - Params: {}\n   -Queries : {} - Body : {} -\n    18:21:41"}
{"level":"http","message":"Method: POST en /api/users/656915a0674be95b63e2b16e/documents - Params: {}\n   -Queries : {} - Body : {} -\n    18:35:45"}
{"level":"http","message":"Method: POST en /api/users/656915a0674be95b63e2b16e/documents - Params: {}\n   -Queries : {} - Body : {} -\n    18:50:41"}
{"level":"http","message":"Method: POST en /api/users/656915a0674be95b63e2b16e/documents - Params: {}\n   -Queries : {} - Body : {} -\n    18:53:18"}
{"level":"http","message":"Method: POST en /api/users/656915a0674be95b63e2b16e/documents - Params: {}\n   -Queries : {} - Body : {} -\n    19:01:31"}
{"level":"http","message":"Method: POST en /api/users/656915a0674be95b63e2b16e/documents - Params: {}\n   -Queries : {} - Body : {} -\n    19:05:01"}
{"level":"http","message":"Method: POST en /api/users/656915a0674be95b63e2b16e/documents - Params: {}\n   -Queries : {} - Body : {} -\n    19:05:43"}
{"level":"http","message":"Method: POST en /api/users/656915a0674be95b63e2b16e/documents - Params: {}\n   -Queries : {} - Body : {} -\n    19:13:15"}
{"level":"http","message":"Method: POST en /api/users/656915a0674be95b63e2b16e/documents - Params: {}\n   -Queries : {} - Body : {} -\n    19:15:33"}
{"level":"http","message":"Method: POST en /api/users/656915a0674be95b63e2b16e/documents - Params: {}\n   -Queries : {} - Body : {} -\n    19:15:38"}
{"level":"http","message":"Method: POST en /api/users/656915a0674be95b63e2b16e/documents - Params: {}\n   -Queries : {} - Body : {} -\n    19:22:00"}
{"level":"http","message":"Method: POST en /api/users/656915a0674be95b63e2b16e/documents - Params: {}\n   -Queries : {} - Body : {} -\n    19:23:03"}
{"level":"http","message":"Method: POST en /api/users/656915a0674be95b63e2b16e/documents - Params: {}\n   -Queries : {} - Body : {} -\n    19:23:54"}
{"level":"http","message":"Method: POST en /api/users/656915a0674be95b63e2b16e/documents - Params: {}\n   -Queries : {} - Body : {} -\n    19:24:23"}
{"level":"http","message":"Method: POST en /api/users/656915a0674be95b63e2b16e/documents - Params: {}\n   -Queries : {} - Body : {} -\n    19:24:34"}
{"level":"http","message":"Method: POST en /api/users/656915a0674be95b63e2b16e/documents - Params: {}\n   -Queries : {} - Body : {} -\n    19:25:22"}
{"level":"http","message":"Method: POST en /api/users/656915a0674be95b63e2b16e/documents - Params: {}\n   -Queries : {} - Body : {} -\n    19:25:55"}
{"level":"http","message":"Method: POST en /api/users/656915a0674be95b63e2b16e/documents - Params: {}\n   -Queries : {} - Body : {} -\n    19:26:06"}
{"level":"http","message":"Method: POST en /api/users/656915a0674be95b63e2b16e/documents - Params: {}\n   -Queries : {} - Body : {} -\n    19:27:20"}
{"level":"http","message":"Method: POST en /api/users/656915a0674be95b63e2b16e/documents - Params: {}\n   -Queries : {} - Body : {} -\n    19:27:38"}
{"level":"http","message":"Method: POST en /api/users/656915a0674be95b63e2b16e/documents - Params: {}\n   -Queries : {} - Body : {} -\n    19:30:40"}
{"level":"http","message":"Method: POST en /api/users/656915a0674be95b63e2b16e/documents - Params: {}\n   -Queries : {} - Body : {} -\n    19:31:08"}
{"level":"http","message":"Method: POST en /api/users/656915a0674be95b63e2b16e/documents - Params: {}\n   -Queries : {} - Body : {} -\n    19:31:53"}
{"level":"http","message":"Method: POST en /api/users/656915a0674be95b63e2b16e/documents - Params: {}\n   -Queries : {} - Body : {} -\n    19:32:01"}
{"level":"http","message":"Method: POST en /api/users/656915a0674be95b63e2b16e/documents - Params: {}\n   -Queries : {} - Body : {} -\n    19:32:53"}
{"level":"http","message":"Method: POST en /api/users/656915a0674be95b63e2b16e/documents - Params: {}\n   -Queries : {} - Body : {} -\n    19:35:16"}
{"level":"http","message":"Method: POST en /api/users/656915a0674be95b63e2b16e/documents - Params: {}\n   -Queries : {} - Body : {} -\n    19:37:41"}
{"level":"http","message":"Method: POST en /api/users/656915a0674be95b63e2b16e/documents - Params: {}\n   -Queries : {} - Body : {} -\n    19:38:01"}
{"level":"http","message":"Method: POST en /api/users/656915a0674be95b63e2b16e/documents - Params: {}\n   -Queries : {} - Body : {} -\n    19:39:07"}
{"level":"http","message":"Method: POST en /api/users/656915a0674be95b63e2b16e/documents - Params: {}\n   -Queries : {} - Body : {} -\n    19:39:46"}
{"level":"http","message":"Method: POST en /api/users/656915a0674be95b63e2b16e/documents - Params: {}\n   -Queries : {} - Body : {} -\n    19:44:18"}
{"level":"http","message":"Method: POST en /api/users/656915a0674be95b63e2b16e/documents - Params: {}\n   -Queries : {} - Body : {} -\n    19:46:39"}
{"level":"http","message":"Method: POST en /api/users/656915a0674be95b63e2b16e/documents - Params: {}\n   -Queries : {} - Body : {} -\n    19:48:12"}
{"level":"http","message":"Method: POST en /api/users/656915a0674be95b63e2b16e/documents - Params: {}\n   -Queries : {} - Body : {} -\n    19:50:53"}
{"level":"http","message":"Method: POST en /api/users/656915a0674be95b63e2b16e/documents - Params: {}\n   -Queries : {} - Body : {} -\n    19:50:54"}
{"level":"http","message":"Method: POST en /api/users/656915a0674be95b63e2b16e/documents - Params: {}\n   -Queries : {} - Body : {} -\n    19:50:54"}
{"level":"http","message":"Method: POST en /api/users/656915a0674be95b63e2b16e/documents - Params: {}\n   -Queries : {} - Body : {} -\n    19:51:03"}
{"level":"http","message":"Method: POST en /api/users/656915a0674be95b63e2b16e/documents - Params: {}\n   -Queries : {} - Body : {} -\n    19:51:11"}
{"level":"http","message":"Method: POST en /api/users/656915a0674be95b63e2b16e/documents - Params: {}\n   -Queries : {} - Body : {} -\n    19:53:03"}
{"level":"http","message":"Method: POST en /api/users/656915a0674be95b63e2b16e/documents - Params: {}\n   -Queries : {} - Body : {} -\n    19:53:05"}
{"level":"http","message":"Method: POST en /api/users/656915a0674be95b63e2b16e/documents - Params: {}\n   -Queries : {} - Body : {} -\n    19:53:53"}
{"level":"http","message":"Method: POST en /api/users/656915a0674be95b63e2b16e/documents - Params: {}\n   -Queries : {} - Body : {} -\n    19:55:09"}
{"level":"http","message":"Method: POST en /api/users/656915a0674be95b63e2b16e/documents - Params: {}\n   -Queries : {} - Body : {} -\n    19:55:22"}
{"level":"http","message":"Method: POST en /api/users/656915a0674be95b63e2b16e/documents - Params: {}\n   -Queries : {} - Body : {} -\n    16:03:33"}
{"level":"http","message":"Method: POST en /api/users/656915a0674be95b63e2b16e/documents - Params: {}\n   -Queries : {} - Body : {} -\n    16:19:26"}
{"level":"http","message":"Method: POST en /api/users/656915a0674be95b63e2b16e/documents - Params: {}\n   -Queries : {} - Body : {} -\n    16:20:36"}
{"level":"http","message":"Method: POST en /api/users/656915a0674be95b63e2b16e/documents - Params: {}\n   -Queries : {} - Body : {} -\n    16:21:51"}
{"level":"http","message":"Method: POST en /api/users/656915a0674be95b63e2b16e/documents - Params: {}\n   -Queries : {} - Body : {} -\n    16:38:13"}
{"level":"http","message":"Method: POST en /api/users/656915a0674be95b63e2b16e/documents - Params: {}\n   -Queries : {} - Body : {} -\n    16:45:46"}
{"level":"http","message":"Method: POST en /api/users/656915a0674be95b63e2b16e/documents - Params: {}\n   -Queries : {} - Body : {} -\n    16:51:30"}
{"level":"http","message":"Method: POST en /api/users/656915a0674be95b63e2b16e/documents - Params: {}\n   -Queries : {} - Body : {} -\n    16:54:06"}
{"level":"http","message":"Method: POST en /api/users/656915a0674be95b63e2b16e/documents - Params: {}\n   -Queries : {} - Body : {} -\n    16:57:15"}
{"level":"http","message":"Method: POST en /api/users/656915a0674be95b63e2b16e/documents - Params: {}\n   -Queries : {} - Body : {} -\n    16:59:06"}
{"level":"http","message":"Method: POST en /api/users/656915a0674be95b63e2b16e/documents - Params: {}\n   -Queries : {} - Body : {} -\n    16:59:09"}
{"level":"http","message":"Method: POST en /api/users/656915a0674be95b63e2b16e/documents - Params: {}\n   -Queries : {} - Body : {} -\n    17:06:04"}
{"level":"http","message":"Method: POST en /api/users/656915a0674be95b63e2b16e/documents - Params: {}\n   -Queries : {} - Body : {} -\n    17:06:55"}
{"level":"http","message":"Method: POST en /api/users/656915a0674be95b63e2b16e/documents - Params: {}\n   -Queries : {} - Body : {} -\n    17:16:49"}
{"level":"http","message":"Method: POST en /api/users/656915a0674be95b63e2b16e/documents - Params: {}\n   -Queries : {} - Body : {} -\n    17:19:50"}
{"level":"http","message":"Method: POST en /api/users/656915a0674be95b63e2b16e/documents - Params: {}\n   -Queries : {} - Body : {} -\n    17:34:56"}
{"level":"http","message":"Method: POST en /api/users/656915a0674be95b63e2b16e/documents - Params: {}\n   -Queries : {} - Body : {} -\n    17:40:26"}
{"level":"http","message":"Method: POST en /api/users/656915a0674be95b63e2b16e/documents - Params: {}\n   -Queries : {} - Body : {} -\n    17:41:16"}
{"level":"http","message":"Method: POST en /api/users/656915a0674be95b63e2b16e/documents - Params: {}\n   -Queries : {} - Body : {} -\n    17:42:44"}
{"level":"http","message":"Method: POST en /api/users/656915a0674be95b63e2b16e/documents - Params: {}\n   -Queries : {} - Body : {} -\n    17:43:44"}
{"level":"http","message":"Method: POST en /api/users/656915a0674be95b63e2b16e/documents - Params: {}\n   -Queries : {} - Body : {} -\n    17:45:45"}
{"level":"http","message":"Method: POST en /api/users/656915a0674be95b63e2b16e/documents - Params: {}\n   -Queries : {} - Body : {} -\n    17:49:04"}
{"level":"http","message":"Method: POST en /api/users/656915a0674be95b63e2b16e/documents - Params: {}\n   -Queries : {} - Body : {} -\n    17:49:09"}
{"level":"http","message":"Method: POST en /api/users/656915a0674be95b63e2b16e/documents - Params: {}\n   -Queries : {} - Body : {} -\n    17:52:39"}
{"level":"http","message":"Method: POST en /api/users/656915a0674be95b63e2b16e/documents - Params: {}\n   -Queries : {} - Body : {} -\n    17:54:57"}
{"level":"http","message":"Method: POST en /api/users/656915a0674be95b63e2b16e/documents - Params: {}\n   -Queries : {} - Body : {} -\n    18:02:55"}
{"level":"http","message":"Method: GET en /realtimeproducts - Params: {}\n   -Queries : {} - Body : {} -\n    18:29:57"}
{"level":"http","message":"Method: GET en /favicon.ico - Params: {}\n   -Queries : {} - Body : {} -\n    18:29:57"}
{"level":"http","message":"Method: GET en /mongo - Params: {}\n   -Queries : {} - Body : {} -\n    18:30:03"}
{"level":"warn","message":"vista de productos"}
{"level":"http","message":"Method: GET en /css/.css - Params: {}\n   -Queries : {} - Body : {} -\n    18:30:04"}
{"level":"http","message":"Method: GET en /www.google.com - Params: {}\n   -Queries : {} - Body : {} -\n    18:30:04"}
{"level":"http","message":"Method: GET en /favicon.ico - Params: {}\n   -Queries : {} - Body : {} -\n    18:30:05"}
{"level":"http","message":"Method: GET en /mongo - Params: {}\n   -Queries : {} - Body : {} -\n    18:32:23"}
{"level":"warn","message":"vista de productos"}
{"level":"http","message":"Method: GET en /css/.css - Params: {}\n   -Queries : {} - Body : {} -\n    18:32:23"}
{"level":"http","message":"Method: GET en /www.google.com - Params: {}\n   -Queries : {} - Body : {} -\n    18:32:23"}
{"level":"http","message":"Method: GET en /favicon.ico - Params: {}\n   -Queries : {} - Body : {} -\n    18:32:23"}
{"level":"http","message":"Method: GET en /register - Params: {}\n   -Queries : {} - Body : {} -\n    18:32:35"}
{"level":"http","message":"Method: GET en /css/.css - Params: {}\n   -Queries : {} - Body : {} -\n    18:32:35"}
{"level":"http","message":"Method: GET en /favicon.ico - Params: {}\n   -Queries : {} - Body : {} -\n    18:32:35"}
{"level":"http","message":"Method: POST en /auth/register - Params: {}\n   -Queries : {} - Body : {\"first_name\":\"Carlos\",\"last_name\":\"Rugnia\",\"age\":\"43\",\"email\":\"martinybelen1980@gmail.com\",\"password\":\"1234\",\"role\":\"owner\"} -\n    18:32:49"}
{"level":"http","message":"Method: POST en /auth/register - Params: {}\n   -Queries : {} - Body : {\"first_name\":\"Carlos\",\"last_name\":\"Rugnia\",\"age\":\"43\",\"email\":\"martinybelen1980@gmail.com\",\"password\":\"1234\",\"role\":\"owner\"} -\n    18:33:07"}
{"level":"http","message":"Method: POST en /auth/register - Params: {}\n   -Queries : {} - Body : {\"first_name\":\"Carlos\",\"last_name\":\"Rugnia\",\"age\":\"43\",\"email\":\"martinybelen1980@gmail.com\",\"password\":\"1234\",\"role\":\"admin\"} -\n    18:33:19"}
{"level":"http","message":"Method: GET en /login - Params: {}\n   -Queries : {} - Body : {} -\n    18:33:20"}
{"level":"http","message":"Method: GET en /css/.css - Params: {}\n   -Queries : {} - Body : {} -\n    18:33:21"}
{"level":"http","message":"Method: GET en /favicon.ico - Params: {}\n   -Queries : {} - Body : {} -\n    18:33:21"}
{"level":"http","message":"Method: POST en /auth/login - Params: {}\n   -Queries : {} - Body : {\"email\":\"martinybelen1980@gmail.com\",\"password\":\"1234\"} -\n    18:33:36"}
{"level":"http","message":"Method: GET en /mongo - Params: {}\n   -Queries : {} - Body : {} -\n    18:33:37"}
{"level":"http","message":"Method: GET en /favicon.ico - Params: {}\n   -Queries : {} - Body : {} -\n    18:33:38"}
{"level":"http","message":"Method: GET en /favicon.ico - Params: {}\n   -Queries : {} - Body : {} -\n    18:33:56"}
{"level":"http","message":"Method: GET en /login - Params: {}\n   -Queries : {} - Body : {} -\n    18:33:58"}
{"level":"http","message":"Method: GET en /css/.css - Params: {}\n   -Queries : {} - Body : {} -\n    18:33:59"}
{"level":"http","message":"Method: GET en /favicon.ico - Params: {}\n   -Queries : {} - Body : {} -\n    18:33:59"}
{"level":"http","message":"Method: POST en /auth/login - Params: {}\n   -Queries : {} - Body : {\"email\":\"martinybelen1980@gmail.com\",\"password\":\"1234\"} -\n    18:34:05"}
{"level":"http","message":"Method: GET en /mongo - Params: {}\n   -Queries : {} - Body : {} -\n    18:34:06"}
{"level":"http","message":"Method: GET en /favicon.ico - Params: {}\n   -Queries : {} - Body : {} -\n    18:34:07"}
{"level":"http","message":"Method: GET en /favicon.ico - Params: {}\n   -Queries : {} - Body : {} -\n    18:34:49"}
{"level":"http","message":"Method: GET en /login - Params: {}\n   -Queries : {} - Body : {} -\n    18:35:18"}
{"level":"http","message":"Method: GET en /css/.css - Params: {}\n   -Queries : {} - Body : {} -\n    18:35:19"}
{"level":"http","message":"Method: GET en /favicon.ico - Params: {}\n   -Queries : {} - Body : {} -\n    18:35:19"}
{"level":"http","message":"Method: POST en /auth/login - Params: {}\n   -Queries : {} - Body : {\"email\":\"martinybelen1980@gmail.com\",\"password\":\"1234\"} -\n    18:35:25"}
{"level":"http","message":"Method: GET en /mongo - Params: {}\n   -Queries : {} - Body : {} -\n    18:35:26"}
{"level":"http","message":"Method: GET en /favicon.ico - Params: {}\n   -Queries : {} - Body : {} -\n    18:35:27"}
{"level":"http","message":"Method: GET en /mongo - Params: {}\n   -Queries : {} - Body : {} -\n    18:39:35"}
{"level":"http","message":"Method: GET en /favicon.ico - Params: {}\n   -Queries : {} - Body : {} -\n    18:39:36"}
{"level":"http","message":"Method: GET en /mongo - Params: {}\n   -Queries : {} - Body : {} -\n    18:39:39"}
{"level":"http","message":"Method: GET en /favicon.ico - Params: {}\n   -Queries : {} - Body : {} -\n    18:39:39"}
{"level":"http","message":"Method: GET en /mongo - Params: {}\n   -Queries : {} - Body : {} -\n    18:39:43"}
{"level":"http","message":"Method: GET en /favicon.ico - Params: {}\n   -Queries : {} - Body : {} -\n    18:39:44"}
{"level":"http","message":"Method: GET en /login - Params: {}\n   -Queries : {} - Body : {} -\n    18:39:54"}
{"level":"http","message":"Method: GET en /css/.css - Params: {}\n   -Queries : {} - Body : {} -\n    18:39:54"}
{"level":"http","message":"Method: GET en /favicon.ico - Params: {}\n   -Queries : {} - Body : {} -\n    18:39:55"}
{"level":"http","message":"Method: POST en /auth/login - Params: {}\n   -Queries : {} - Body : {\"email\":\"martinybelen1980@gmail.com\",\"password\":\"1234\"} -\n    18:40:05"}
{"level":"http","message":"Method: GET en /mongo - Params: {}\n   -Queries : {} - Body : {} -\n    18:40:07"}
{"level":"http","message":"Method: GET en /favicon.ico - Params: {}\n   -Queries : {} - Body : {} -\n    18:40:07"}
{"level":"http","message":"Method: GET en /login - Params: {}\n   -Queries : {} - Body : {} -\n    18:42:36"}
{"level":"http","message":"Method: GET en /css/.css - Params: {}\n   -Queries : {} - Body : {} -\n    18:42:36"}
{"level":"http","message":"Method: GET en /favicon.ico - Params: {}\n   -Queries : {} - Body : {} -\n    18:42:37"}
{"level":"http","message":"Method: POST en /auth/login - Params: {}\n   -Queries : {} - Body : {\"email\":\"martinybelen1980@gmail.com\",\"password\":\"1234\"} -\n    18:42:43"}
{"level":"http","message":"Method: GET en /mongo - Params: {}\n   -Queries : {} - Body : {} -\n    18:42:44"}
{"level":"http","message":"Method: GET en /favicon.ico - Params: {}\n   -Queries : {} - Body : {} -\n    18:42:45"}
{"level":"http","message":"Method: GET en /login - Params: {}\n   -Queries : {} - Body : {} -\n    18:46:05"}
{"level":"http","message":"Method: GET en /css/.css - Params: {}\n   -Queries : {} - Body : {} -\n    18:46:06"}
{"level":"http","message":"Method: GET en /favicon.ico - Params: {}\n   -Queries : {} - Body : {} -\n    18:46:06"}
{"level":"http","message":"Method: POST en /auth/login - Params: {}\n   -Queries : {} - Body : {\"email\":\"martinybelen1980@gmail.com\",\"password\":\"1234\"} -\n    18:46:11"}
{"level":"http","message":"Method: GET en /mongo - Params: {}\n   -Queries : {} - Body : {} -\n    18:46:12"}
{"level":"http","message":"Method: GET en /favicon.ico - Params: {}\n   -Queries : {} - Body : {} -\n    18:46:13"}
{"level":"http","message":"Method: GET en /mongo - Params: {}\n   -Queries : {} - Body : {} -\n    18:47:02"}
{"level":"http","message":"Method: GET en /favicon.ico - Params: {}\n   -Queries : {} - Body : {} -\n    18:47:03"}
{"level":"http","message":"Method: GET en /mongo - Params: {}\n   -Queries : {} - Body : {} -\n    18:50:46"}
{"level":"http","message":"Method: GET en /favicon.ico - Params: {}\n   -Queries : {} - Body : {} -\n    18:50:47"}
{"level":"http","message":"Method: GET en /login - Params: {}\n   -Queries : {} - Body : {} -\n    18:50:54"}
{"level":"http","message":"Method: GET en /css/.css - Params: {}\n   -Queries : {} - Body : {} -\n    18:50:54"}
{"level":"http","message":"Method: GET en /favicon.ico - Params: {}\n   -Queries : {} - Body : {} -\n    18:50:55"}
{"level":"http","message":"Method: POST en /auth/login - Params: {}\n   -Queries : {} - Body : {\"email\":\"martinybelen1980@gmail.com\",\"password\":\"1234\"} -\n    18:51:00"}
{"level":"http","message":"Method: GET en /mongo - Params: {}\n   -Queries : {} - Body : {} -\n    18:51:01"}
{"level":"http","message":"Method: GET en /favicon.ico - Params: {}\n   -Queries : {} - Body : {} -\n    18:51:02"}
{"level":"http","message":"Method: GET en /mongo - Params: {}\n   -Queries : {} - Body : {} -\n    18:55:07"}
{"level":"http","message":"Method: GET en /favicon.ico - Params: {}\n   -Queries : {} - Body : {} -\n    18:55:08"}
{"level":"http","message":"Method: GET en /api/users/premium - Params: {}\n   -Queries : {} - Body : {} -\n    18:55:39"}
{"level":"http","message":"Method: GET en /css/.css - Params: {}\n   -Queries : {} - Body : {} -\n    18:55:40"}
{"level":"http","message":"Method: GET en /favicon.ico - Params: {}\n   -Queries : {} - Body : {} -\n    18:55:40"}
{"level":"http","message":"Method: GET en /documentation - Params: {}\n   -Queries : {} - Body : {} -\n    18:55:50"}
{"level":"http","message":"Method: GET en /documentation/ - Params: {}\n   -Queries : {} - Body : {} -\n    18:55:50"}
{"level":"http","message":"Method: GET en /documentation/swagger-ui.css - Params: {}\n   -Queries : {} - Body : {} -\n    18:55:51"}
{"level":"http","message":"Method: GET en /documentation/swagger-ui-standalone-preset.js - Params: {}\n   -Queries : {} - Body : {} -\n    18:55:51"}
{"level":"http","message":"Method: GET en /documentation/swagger-ui-bundle.js - Params: {}\n   -Queries : {} - Body : {} -\n    18:55:51"}
{"level":"http","message":"Method: GET en /documentation/swagger-ui-init.js - Params: {}\n   -Queries : {} - Body : {} -\n    18:55:51"}
{"level":"http","message":"Method: GET en /documentation/swagger-ui.css.map - Params: {}\n   -Queries : {} - Body : {} -\n    18:55:52"}
{"level":"http","message":"Method: GET en /documentation/swagger-ui-bundle.js.map - Params: {}\n   -Queries : {} - Body : {} -\n    18:55:56"}
{"level":"http","message":"Method: GET en /documentation/swagger-ui-standalone-preset.js.map - Params: {}\n   -Queries : {} - Body : {} -\n    18:55:56"}
{"level":"http","message":"Method: GET en /realtimeproducts - Params: {}\n   -Queries : {} - Body : {} -\n    18:56:55"}
{"level":"http","message":"Method: GET en /favicon.ico - Params: {}\n   -Queries : {} - Body : {} -\n    18:56:55"}
{"level":"http","message":"Method: GET en /mongo - Params: {}\n   -Queries : {} - Body : {} -\n    18:57:02"}
{"level":"http","message":"Method: GET en /mongo - Params: {}\n   -Queries : {} - Body : {} -\n    18:57:05"}
{"level":"http","message":"Method: GET en /favicon.ico - Params: {}\n   -Queries : {} - Body : {} -\n    18:57:05"}
{"level":"http","message":"Method: GET en /mongo - Params: {}\n   -Queries : {} - Body : {} -\n    19:00:24"}
{"level":"warn","message":"vista de productos"}
{"level":"http","message":"Method: GET en /css/.css - Params: {}\n   -Queries : {} - Body : {} -\n    19:00:25"}
{"level":"http","message":"Method: GET en /www.google.com - Params: {}\n   -Queries : {} - Body : {} -\n    19:00:25"}
{"level":"http","message":"Method: GET en /favicon.ico - Params: {}\n   -Queries : {} - Body : {} -\n    19:00:26"}
{"level":"http","message":"Method: GET en /mongo - Params: {}\n   -Queries : {} - Body : {} -\n    19:06:28"}
{"level":"http","message":"Method: GET en /mongo - Params: {}\n   -Queries : {} - Body : {} -\n    19:07:13"}
{"level":"http","message":"Method: GET en /mongo - Params: {}\n   -Queries : {} - Body : {} -\n    19:07:26"}
{"level":"http","message":"Method: GET en /mongo - Params: {}\n   -Queries : {} - Body : {} -\n    19:07:31"}
{"level":"http","message":"Method: GET en /mongo - Params: {}\n   -Queries : {} - Body : {} -\n    19:22:23"}
{"level":"http","message":"Method: GET en /mongo - Params: {}\n   -Queries : {} - Body : {} -\n    19:22:54"}
{"level":"warn","message":"vista de productos"}
{"level":"http","message":"Method: GET en /css/.css - Params: {}\n   -Queries : {} - Body : {} -\n    19:22:58"}
{"level":"http","message":"Method: GET en /www.google.com - Params: {}\n   -Queries : {} - Body : {} -\n    19:22:58"}
{"level":"http","message":"Method: GET en /favicon.ico - Params: {}\n   -Queries : {} - Body : {} -\n    19:23:00"}
{"level":"http","message":"Method: GET en /mongo - Params: {}\n   -Queries : {} - Body : {} -\n    19:27:12"}
{"level":"http","message":"Method: GET en /favicon.ico - Params: {}\n   -Queries : {} - Body : {} -\n    19:27:13"}
{"level":"http","message":"Method: GET en /favicon.ico - Params: {}\n   -Queries : {} - Body : {} -\n    19:27:16"}
{"level":"http","message":"Method: GET en /mongo - Params: {}\n   -Queries : {} - Body : {} -\n    19:27:22"}
{"level":"http","message":"Method: GET en /favicon.ico - Params: {}\n   -Queries : {} - Body : {} -\n    19:27:23"}
{"level":"http","message":"Method: GET en /mongo - Params: {}\n   -Queries : {} - Body : {} -\n    19:28:48"}
{"level":"warn","message":"vista de productos"}
{"level":"http","message":"Method: GET en /css/.css - Params: {}\n   -Queries : {} - Body : {} -\n    19:28:51"}
{"level":"http","message":"Method: GET en /www.google.com - Params: {}\n   -Queries : {} - Body : {} -\n    19:28:51"}
{"level":"http","message":"Method: GET en /favicon.ico - Params: {}\n   -Queries : {} - Body : {} -\n    19:28:52"}
{"level":"http","message":"Method: GET en /logout - Params: {}\n   -Queries : {} - Body : {} -\n    19:32:25"}
{"level":"http","message":"Method: GET en /mongo - Params: {}\n   -Queries : {} - Body : {} -\n    19:32:26"}
{"level":"warn","message":"vista de productos"}
{"level":"http","message":"Method: GET en /css/.css - Params: {}\n   -Queries : {} - Body : {} -\n    19:32:26"}
{"level":"http","message":"Method: GET en /www.google.com - Params: {}\n   -Queries : {} - Body : {} -\n    19:32:26"}
{"level":"http","message":"Method: GET en /favicon.ico - Params: {}\n   -Queries : {} - Body : {} -\n    19:32:27"}
{"level":"http","message":"Method: GET en /login - Params: {}\n   -Queries : {} - Body : {} -\n    19:32:29"}
{"level":"http","message":"Method: GET en /css/.css - Params: {}\n   -Queries : {} - Body : {} -\n    19:32:29"}
{"level":"http","message":"Method: GET en /favicon.ico - Params: {}\n   -Queries : {} - Body : {} -\n    19:32:29"}
{"level":"http","message":"Method: POST en /auth/login - Params: {}\n   -Queries : {} - Body : {\"email\":\"martinybelen1980@gmail.com\",\"password\":\"1234\"} -\n    19:32:35"}
{"level":"http","message":"Method: GET en /mongo - Params: {}\n   -Queries : {} - Body : {} -\n    19:32:36"}
{"level":"warn","message":"vista de productos"}
{"level":"http","message":"Method: GET en /css/.css - Params: {}\n   -Queries : {} - Body : {} -\n    19:32:37"}
{"level":"http","message":"Method: GET en /www.google.com - Params: {}\n   -Queries : {} - Body : {} -\n    19:32:37"}
{"level":"http","message":"Method: GET en /favicon.ico - Params: {}\n   -Queries : {} - Body : {} -\n    19:32:37"}
{"level":"http","message":"Method: GET en /mongo - Params: {}\n   -Queries : {} - Body : {} -\n    19:39:02"}
{"level":"warn","message":"vista de productos"}
{"level":"http","message":"Method: GET en /favicon.ico - Params: {}\n   -Queries : {} - Body : {} -\n    19:39:03"}
{"level":"http","message":"Method: GET en /mongo - Params: {}\n   -Queries : {} - Body : {} -\n    19:39:14"}
{"level":"warn","message":"vista de productos"}
{"level":"http","message":"Method: GET en /favicon.ico - Params: {}\n   -Queries : {} - Body : {} -\n    19:39:15"}
{"level":"http","message":"Method: GET en /mongo - Params: {}\n   -Queries : {} - Body : {} -\n    19:40:42"}
{"level":"warn","message":"vista de productos"}
{"level":"http","message":"Method: GET en /css/.css - Params: {}\n   -Queries : {} - Body : {} -\n    19:40:45"}
{"level":"http","message":"Method: GET en /www.google.com - Params: {}\n   -Queries : {} - Body : {} -\n    19:40:45"}
{"level":"http","message":"Method: GET en /favicon.ico - Params: {}\n   -Queries : {} - Body : {} -\n    19:40:47"}
{"level":"http","message":"Method: GET en /cartsMongo/ - Params: {}\n   -Queries : {} - Body : {} -\n    19:41:33"}
{"level":"http","message":"Method: GET en /css/.css - Params: {}\n   -Queries : {} - Body : {} -\n    19:41:33"}
{"level":"http","message":"Method: GET en /favicon.ico - Params: {}\n   -Queries : {} - Body : {} -\n    19:41:34"}
{"level":"http","message":"Method: GET en /favicon.ico - Params: {}\n   -Queries : {} - Body : {} -\n    19:41:37"}
{"level":"http","message":"Method: GET en /css/.css - Params: {}\n   -Queries : {} - Body : {} -\n    19:41:37"}
{"level":"http","message":"Method: GET en /cartsMongo/ - Params: {}\n   -Queries : {} - Body : {} -\n    19:41:39"}
{"level":"http","message":"Method: GET en /css/.css - Params: {}\n   -Queries : {} - Body : {} -\n    19:41:39"}
{"level":"http","message":"Method: GET en /favicon.ico - Params: {}\n   -Queries : {} - Body : {} -\n    19:41:40"}
{"level":"http","message":"Method: GET en /favicon.ico - Params: {}\n   -Queries : {} - Body : {} -\n    19:41:41"}
{"level":"http","message":"Method: GET en /login - Params: {}\n   -Queries : {} - Body : {} -\n    19:41:47"}
{"level":"http","message":"Method: GET en /css/.css - Params: {}\n   -Queries : {} - Body : {} -\n    19:41:48"}
{"level":"http","message":"Method: GET en /favicon.ico - Params: {}\n   -Queries : {} - Body : {} -\n    19:41:49"}
{"level":"http","message":"Method: POST en /auth/login - Params: {}\n   -Queries : {} - Body : {\"email\":\"lopez@gmail.com\",\"password\":\"1234\"} -\n    19:42:16"}
{"level":"http","message":"Method: GET en /faillogin - Params: {}\n   -Queries : {} - Body : {} -\n    19:42:16"}
{"level":"http","message":"Method: GET en /login - Params: {}\n   -Queries : {} - Body : {} -\n    19:42:22"}
{"level":"http","message":"Method: GET en /css/.css - Params: {}\n   -Queries : {} - Body : {} -\n    19:42:23"}
{"level":"http","message":"Method: GET en /favicon.ico - Params: {}\n   -Queries : {} - Body : {} -\n    19:42:23"}
{"level":"http","message":"Method: POST en /auth/login - Params: {}\n   -Queries : {} - Body : {\"email\":\"martinybelen1980@gmail.com\",\"password\":\"1234\"} -\n    19:42:28"}
{"level":"http","message":"Method: GET en /mongo - Params: {}\n   -Queries : {} - Body : {} -\n    19:42:30"}
{"level":"http","message":"Method: GET en /favicon.ico - Params: {}\n   -Queries : {} - Body : {} -\n    19:42:30"}
{"level":"http","message":"Method: GET en /mongo - Params: {}\n   -Queries : {} - Body : {} -\n    19:43:09"}
{"level":"http","message":"Method: GET en /favicon.ico - Params: {}\n   -Queries : {} - Body : {} -\n    19:43:11"}
{"level":"http","message":"Method: GET en /mongo - Params: {}\n   -Queries : {} - Body : {} -\n    19:43:13"}
{"level":"http","message":"Method: GET en /mongo - Params: {}\n   -Queries : {} - Body : {} -\n    19:43:18"}
{"level":"http","message":"Method: GET en /favicon.ico - Params: {}\n   -Queries : {} - Body : {} -\n    19:43:19"}
{"level":"http","message":"Method: GET en /mongo - Params: {}\n   -Queries : {} - Body : {} -\n    19:43:22"}
{"level":"http","message":"Method: GET en /favicon.ico - Params: {}\n   -Queries : {} - Body : {} -\n    19:43:23"}
{"level":"http","message":"Method: GET en /mongo - Params: {}\n   -Queries : {} - Body : {} -\n    19:44:08"}
{"level":"http","message":"Method: GET en /favicon.ico - Params: {}\n   -Queries : {} - Body : {} -\n    19:44:12"}
{"level":"http","message":"Method: GET en /mongo - Params: {}\n   -Queries : {} - Body : {} -\n    19:46:09"}
{"level":"http","message":"Method: GET en /favicon.ico - Params: {}\n   -Queries : {} - Body : {} -\n    19:46:10"}
{"level":"http","message":"Method: GET en /mongo - Params: {}\n   -Queries : {} - Body : {} -\n    19:56:08"}
{"level":"http","message":"Method: GET en /favicon.ico - Params: {}\n   -Queries : {} - Body : {} -\n    19:56:11"}
{"level":"http","message":"Method: GET en /mongo - Params: {}\n   -Queries : {} - Body : {} -\n    19:56:22"}
{"level":"http","message":"Method: GET en /favicon.ico - Params: {}\n   -Queries : {} - Body : {} -\n    19:56:24"}
{"level":"http","message":"Method: GET en /mongo - Params: {}\n   -Queries : {} - Body : {} -\n    19:57:54"}
{"level":"warn","message":"vista de productos"}
{"level":"http","message":"Method: GET en /css/.css - Params: {}\n   -Queries : {} - Body : {} -\n    19:57:57"}
{"level":"http","message":"Method: GET en /www.google.com - Params: {}\n   -Queries : {} - Body : {} -\n    19:57:57"}
{"level":"http","message":"Method: GET en /favicon.ico - Params: {}\n   -Queries : {} - Body : {} -\n    19:57:58"}
{"level":"http","message":"Method: GET en /api/sessions/current - Params: {}\n   -Queries : {} - Body : {} -\n    19:59:27"}
{"level":"http","message":"Method: GET en /css/.css - Params: {}\n   -Queries : {} - Body : {} -\n    19:59:28"}
{"level":"http","message":"Method: GET en /favicon.ico - Params: {}\n   -Queries : {} - Body : {} -\n    19:59:28"}
{"level":"http","message":"Method: GET en /mongo - Params: {}\n   -Queries : {} - Body : {} -\n    19:59:31"}
{"level":"http","message":"Method: GET en /favicon.ico - Params: {}\n   -Queries : {} - Body : {} -\n    19:59:32"}
{"level":"http","message":"Method: GET en /favicon.ico - Params: {}\n   -Queries : {} - Body : {} -\n    19:59:34"}
{"level":"http","message":"Method: GET en /css/.css - Params: {}\n   -Queries : {} - Body : {} -\n    19:59:34"}
{"level":"http","message":"Method: GET en /login - Params: {}\n   -Queries : {} - Body : {} -\n    19:59:42"}
{"level":"http","message":"Method: GET en /css/.css - Params: {}\n   -Queries : {} - Body : {} -\n    19:59:43"}
{"level":"http","message":"Method: GET en /favicon.ico - Params: {}\n   -Queries : {} - Body : {} -\n    19:59:43"}
{"level":"http","message":"Method: POST en /auth/login - Params: {}\n   -Queries : {} - Body : {\"email\":\"martinybelen1980@gmail.com\",\"password\":\"1234\"} -\n    19:59:49"}
{"level":"http","message":"Method: GET en /mongo - Params: {}\n   -Queries : {} - Body : {} -\n    19:59:50"}
{"level":"http","message":"Method: GET en /favicon.ico - Params: {}\n   -Queries : {} - Body : {} -\n    19:59:51"}
{"level":"http","message":"Method: GET en /favicon.ico - Params: {}\n   -Queries : {} - Body : {} -\n    20:07:21"}
{"level":"http","message":"Method: GET en /css/.css - Params: {}\n   -Queries : {} - Body : {} -\n    20:07:21"}
{"level":"http","message":"Method: GET en /register - Params: {}\n   -Queries : {} - Body : {} -\n    20:07:51"}
{"level":"http","message":"Method: GET en /css/.css - Params: {}\n   -Queries : {} - Body : {} -\n    20:07:51"}
{"level":"http","message":"Method: GET en /favicon.ico - Params: {}\n   -Queries : {} - Body : {} -\n    20:07:51"}
{"level":"http","message":"Method: POST en /auth/register - Params: {}\n   -Queries : {} - Body : {\"first_name\":\"Carlos\",\"last_name\":\"Rugnia\",\"age\":\"43\",\"email\":\"martinybelen1980@gmail.com\",\"password\":\"1234\",\"role\":\"user\"} -\n    20:08:04"}
{"level":"http","message":"Method: GET en /login - Params: {}\n   -Queries : {} - Body : {} -\n    20:08:06"}
{"level":"http","message":"Method: GET en /css/.css - Params: {}\n   -Queries : {} - Body : {} -\n    20:08:07"}
{"level":"http","message":"Method: GET en /favicon.ico - Params: {}\n   -Queries : {} - Body : {} -\n    20:08:07"}
{"level":"http","message":"Method: POST en /auth/login - Params: {}\n   -Queries : {} - Body : {\"email\":\"martinybelen1980@gmail.com\",\"password\":\"1234\"} -\n    20:08:13"}
{"level":"http","message":"Method: GET en /mongo - Params: {}\n   -Queries : {} - Body : {} -\n    20:08:15"}
{"level":"http","message":"Method: GET en /favicon.ico - Params: {}\n   -Queries : {} - Body : {} -\n    20:08:15"}
{"level":"http","message":"Method: GET en /favicon.ico - Params: {}\n   -Queries : {} - Body : {} -\n    20:11:27"}
{"level":"http","message":"Method: GET en /register - Params: {}\n   -Queries : {} - Body : {} -\n    20:12:00"}
{"level":"http","message":"Method: GET en /css/.css - Params: {}\n   -Queries : {} - Body : {} -\n    20:12:00"}
{"level":"http","message":"Method: GET en /favicon.ico - Params: {}\n   -Queries : {} - Body : {} -\n    20:12:01"}
{"level":"http","message":"Method: POST en /auth/register - Params: {}\n   -Queries : {} - Body : {\"first_name\":\"Carlos\",\"last_name\":\"Rugnia\",\"age\":\"43\",\"email\":\"martinybelen1980@gmail.com\",\"password\":\"1234\",\"role\":\"admin\"} -\n    20:12:13"}
{"level":"http","message":"Method: GET en /login - Params: {}\n   -Queries : {} - Body : {} -\n    20:12:15"}
{"level":"http","message":"Method: GET en /css/.css - Params: {}\n   -Queries : {} - Body : {} -\n    20:12:16"}
{"level":"http","message":"Method: GET en /favicon.ico - Params: {}\n   -Queries : {} - Body : {} -\n    20:12:16"}
{"level":"http","message":"Method: POST en /auth/login - Params: {}\n   -Queries : {} - Body : {\"email\":\"martinybelen1980@gmail.com\",\"password\":\"1234\"} -\n    20:12:55"}
{"level":"http","message":"Method: GET en /mongo - Params: {}\n   -Queries : {} - Body : {} -\n    20:12:56"}
{"level":"http","message":"Method: GET en /favicon.ico - Params: {}\n   -Queries : {} - Body : {} -\n    20:12:56"}
{"level":"http","message":"Method: GET en /register - Params: {}\n   -Queries : {} - Body : {} -\n    20:14:15"}
{"level":"http","message":"Method: GET en /css/.css - Params: {}\n   -Queries : {} - Body : {} -\n    20:14:15"}
{"level":"http","message":"Method: GET en /favicon.ico - Params: {}\n   -Queries : {} - Body : {} -\n    20:14:15"}
{"level":"http","message":"Method: POST en /auth/register - Params: {}\n   -Queries : {} - Body : {\"first_name\":\"Carlos\",\"last_name\":\"Rugnia\",\"age\":\"43\",\"email\":\"martinybelen1980@gmail.com\",\"password\":\"1234\",\"role\":\"admin\"} -\n    20:14:24"}
{"level":"http","message":"Method: GET en /login - Params: {}\n   -Queries : {} - Body : {} -\n    20:14:28"}
{"level":"http","message":"Method: GET en /css/.css - Params: {}\n   -Queries : {} - Body : {} -\n    20:14:28"}
{"level":"http","message":"Method: GET en /favicon.ico - Params: {}\n   -Queries : {} - Body : {} -\n    20:14:29"}
{"level":"http","message":"Method: POST en /auth/login - Params: {}\n   -Queries : {} - Body : {\"email\":\"martinybelen1980@gmail.com\",\"password\":\"1234\"} -\n    20:14:40"}
{"level":"http","message":"Method: GET en /mongo - Params: {}\n   -Queries : {} - Body : {} -\n    20:14:41"}
{"level":"http","message":"Method: GET en /favicon.ico - Params: {}\n   -Queries : {} - Body : {} -\n    20:14:42"}
{"level":"http","message":"Method: GET en /mongo - Params: {}\n   -Queries : {} - Body : {} -\n    20:17:22"}
{"level":"http","message":"Method: GET en /favicon.ico - Params: {}\n   -Queries : {} - Body : {} -\n    20:17:24"}
{"level":"http","message":"Method: GET en /mongo - Params: {}\n   -Queries : {} - Body : {} -\n    20:17:26"}
{"level":"http","message":"Method: GET en /favicon.ico - Params: {}\n   -Queries : {} - Body : {} -\n    20:17:27"}
{"level":"http","message":"Method: GET en /favicon.ico - Params: {}\n   -Queries : {} - Body : {} -\n    20:17:29"}
{"level":"http","message":"Method: GET en /login - Params: {}\n   -Queries : {} - Body : {} -\n    20:17:46"}
{"level":"http","message":"Method: GET en /css/.css - Params: {}\n   -Queries : {} - Body : {} -\n    20:17:46"}
{"level":"http","message":"Method: POST en /auth/login - Params: {}\n   -Queries : {} - Body : {\"email\":\"martinybelen1980@gmail.com\",\"password\":\"1234\"} -\n    20:18:09"}
{"level":"http","message":"Method: GET en /mongo - Params: {}\n   -Queries : {} - Body : {} -\n    20:18:10"}
{"level":"http","message":"Method: GET en /login - Params: {}\n   -Queries : {} - Body : {} -\n    20:19:54"}
{"level":"http","message":"Method: GET en /css/.css - Params: {}\n   -Queries : {} - Body : {} -\n    20:19:55"}
{"level":"http","message":"Method: GET en /favicon.ico - Params: {}\n   -Queries : {} - Body : {} -\n    20:19:56"}
{"level":"http","message":"Method: POST en /auth/login - Params: {}\n   -Queries : {} - Body : {\"email\":\"martinybelen1980@gmail.com\",\"password\":\"1234\"} -\n    20:20:11"}
{"level":"http","message":"Method: GET en /mongo - Params: {}\n   -Queries : {} - Body : {} -\n    20:20:12"}
{"level":"warn","message":"vista de productos"}
{"level":"http","message":"Method: GET en /css/.css - Params: {}\n   -Queries : {} - Body : {} -\n    20:20:13"}
{"level":"http","message":"Method: GET en /www.google.com - Params: {}\n   -Queries : {} - Body : {} -\n    20:20:13"}
{"level":"http","message":"Method: GET en /favicon.ico - Params: {}\n   -Queries : {} - Body : {} -\n    20:20:15"}
{"level":"http","message":"Method: POST en /api/users/6578e9538a91093a597ba048/documents - Params: {}\n   -Queries : {} - Body : {} -\n    20:20:49"}
{"level":"http","message":"Method: POST en /api/users/6578e9538a91093a597ba048/documents - Params: {}\n   -Queries : {} - Body : {} -\n    20:21:06"}
